0 info it worked if it ends with ok
1 verbose cli [ '/usr/local/bin/node',
1 verbose cli   '/usr/local/bin/npm',
1 verbose cli   'run-script',
1 verbose cli   'simple-express.js' ]
2 info using npm@1.3.11
3 info using node@v0.11.8-pre
4 error Error: ENOENT, open '/home/peter/Documents/blogjs/package.json'
5 error If you need help, you may report this log at:
5 error     <http://github.com/isaacs/npm/issues>
5 error or email it to:
5 error     <npm-@googlegroups.com>
6 error System Linux 3.5.0-23-generic
7 error command "/usr/local/bin/node" "/usr/local/bin/npm" "run-script" "simple-express.js"
8 error cwd /home/peter/Documents/blogjs
9 error node -v v0.11.8-pre
10 error npm -v 1.3.11
11 error path /home/peter/Documents/blogjs/package.json
12 error code ENOENT
13 error errno -2
14 verbose exit [ -2, true ]
